2023-08-19 17:18:33.010827: I tensorflow/core/platform/cpu_feature_guard.cc:141] Your CPU supports instructions that this TensorFlow binary was not compiled to use: AVX2 FMA
{'dataset': 'cifar', 'numimg': 50, 'batch_size': 1, 'maxiter': 2000, 'iteration_steps': 6, 'ro': 15, 'binary_steps': 8, 'abort_early': True, 'conf': 0, 'seed_imagenet': 825, 'seed': 0, 'show': True, 'save': './saves', 'attack': 'L2LAST', 'retrain': 'False', 'target_number': 1, 'train': False, 'temp': 0, 'adversarial': 'none', 'beta': 0.0001, 'target': False}
untargeted attack
The number of image: 50
NO. 0
grid size: 2
outerstep: 0 [10000000000.0] [1.]
0 best l2square: [10000000000.0] when l0: [3072]
1000 best l2square: [0.048121106] when l0: [144]
outerstep: 1 [0.048121106] [0.5]
0 best l2square: [0.048121106] when l0: [144]
1000 best l2square: [0.048121106] when l0: [144]
2000 best l2square: [0.048121106] when l0: [144]
outerstep: 2 [0.048121106] [0.75]
0 best l2square: [0.048121106] when l0: [144]
1000 best l2square: [0.047359835] when l0: [132]
2000 best l2square: [0.047359835] when l0: [132]
3000 best l2square: [0.047359835] when l0: [132]
outerstep: 3 [0.047359835] [0.625]
0 best l2square: [0.047359835] when l0: [132]
1000 best l2square: [0.047359835] when l0: [132]
2000 best l2square: [0.047359835] when l0: [132]
3000 best l2square: [0.047359835] when l0: [132]
4000 best l2square: [0.047359835] when l0: [132]
outerstep: 4 [0.047359835] [0.6875]
0 best l2square: [0.047359835] when l0: [132]
1000 best l2square: [0.047359835] when l0: [132]
2000 best l2square: [0.047359835] when l0: [132]
3000 best l2square: [0.047359835] when l0: [132]
4000 best l2square: [0.047359835] when l0: [132]
5000 best l2square: [0.047317974] when l0: [204]
outerstep: 5 [0.047317974] [0.65625]
0 best l2square: [0.047317974] when l0: [204]
1000 best l2square: [0.047170352] when l0: [228]
2000 best l2square: [0.047170352] when l0: [228]
3000 best l2square: [0.047170352] when l0: [228]
4000 best l2square: [0.047170352] when l0: [228]
5000 best l2square: [0.047170352] when l0: [228]
6000 best l2square: [0.047170352] when l0: [228]
Finally [0.047170352]
retrain C: [5.]
retrain 0 0 [0.047170352]
retrain 0 200 [0.04702034]
retrain C: [2.5]
retrain 1 0 [0.04702034]
retrain 1 200 [0.04689508]
retrain C: [1.25]
retrain 2 0 [0.04689508]
retrain 2 200 [0.046769533]
retrain C: [0.625]
retrain 3 0 [0.046769533]
retrain 3 200 [0.046643987]
retrain C: [0.3125]
retrain 4 0 [0.046643987]
retrain 4 200 [0.046518065]
retrain C: [0.15625]
retrain 5 0 [0.046518065]
retrain 5 200 [0.04639159]
retrain C: [0.078125]
retrain 6 0 [0.04639159]
retrain 6 200 [0.046264656]
retrain C: [0.0390625]
retrain 7 0 [0.046264656]
retrain 7 200 [0.046135508]
ro 15 gamma 2 tau 3 alpha 5

total groups: 256
NO. 1
grid size: 2
outerstep: 0 [10000000000.0] [1.]
0 best l2square: [10000000000.0] when l0: [3072]
1000 best l2square: [0.015532427] when l0: [132]
outerstep: 1 [0.010318359] [0.5]
0 best l2square: [0.010318359] when l0: [156]
1000 best l2square: [0.010318359] when l0: [156]
2000 best l2square: [0.010318359] when l0: [156]
outerstep: 2 [0.010318359] [0.75]
0 best l2square: [0.010318359] when l0: [156]
1000 best l2square: [0.010318359] when l0: [156]
2000 best l2square: [0.010318359] when l0: [156]
3000 best l2square: [0.010318359] when l0: [156]
outerstep: 3 [0.010318359] [0.875]
0 best l2square: [0.010318359] when l0: [156]
1000 best l2square: [0.010318359] when l0: [156]
2000 best l2square: [0.010318359] when l0: [156]
3000 best l2square: [0.010318359] when l0: [156]
4000 best l2square: [0.010318359] when l0: [156]
outerstep: 4 [0.010318359] [0.9375]
0 best l2square: [0.010318359] when l0: [156]
1000 best l2square: [0.010318359] when l0: [156]
2000 best l2square: [0.010318359] when l0: [156]
3000 best l2square: [0.010318359] when l0: [156]
4000 best l2square: [0.010318359] when l0: [156]
5000 best l2square: [0.010318359] when l0: [156]
outerstep: 5 [0.010318359] [0.96875]
0 best l2square: [0.010318359] when l0: [156]
1000 best l2square: [0.010318359] when l0: [156]
2000 best l2square: [0.010318359] when l0: [156]
3000 best l2square: [0.010318359] when l0: [156]
4000 best l2square: [0.010318359] when l0: [156]
5000 best l2square: [0.010318359] when l0: [156]
6000 best l2square: [0.010318359] when l0: [156]
Finally [0.010318359]
retrain C: [5.]
retrain 0 0 [0.010318359]
retrain 0 200 [0.010290885]
retrain C: [2.5]
retrain 1 0 [0.010290885]
retrain 1 200 [0.010263434]
retrain C: [1.25]
retrain 2 0 [0.010263434]
retrain 2 200 [0.010235792]
retrain C: [0.625]
retrain 3 0 [0.010235792]
retrain 3 200 [0.007228549]
retrain C: [0.3125]
retrain 4 0 [0.007228549]
retrain 4 200 [0.0072079506]
retrain C: [0.15625]
retrain 5 0 [0.0072079506]
retrain 5 200 [0.0071858065]
retrain C: [0.078125]
retrain 6 0 [0.0071858065]
retrain 6 200 [0.007161038]
retrain C: [0.0390625]
retrain 7 0 [0.007161038]
retrain 7 200 [0.007132544]
ro 15 gamma 2 tau 3 alpha 5

total groups: 256
NO. 2
grid size: 2
outerstep: 0 [10000000000.0] [1.]
0 best l2square: [10000000000.0] when l0: [3072]
1000 best l2square: [0.049221963] when l0: [132]
outerstep: 1 [0.049221963] [0.5]
0 best l2square: [0.049221963] when l0: [132]
1000 best l2square: [0.049221963] when l0: [132]
2000 best l2square: [0.049221963] when l0: [132]
outerstep: 2 [0.049221963] [0.75]
0 best l2square: [0.049221963] when l0: [132]
1000 best l2square: [0.049221963] when l0: [132]
2000 best l2square: [0.049221963] when l0: [132]
3000 best l2square: [0.049221963] when l0: [132]
outerstep: 3 [0.049221963] [0.875]
0 best l2square: [0.049221963] when l0: [132]
1000 best l2square: [0.049221963] when l0: [132]
2000 best l2square: [0.049221963] when l0: [132]
3000 best l2square: [0.049221963] when l0: [132]
4000 best l2square: [0.049221963] when l0: [132]
outerstep: 4 [0.049221963] [0.9375]
0 best l2square: [0.049221963] when l0: [132]
1000 best l2square: [0.049221963] when l0: [132]
2000 best l2square: [0.049221963] when l0: [132]
3000 best l2square: [0.049221963] when l0: [132]
4000 best l2square: [0.049221963] when l0: [132]
5000 best l2square: [0.049221963] when l0: [132]
outerstep: 5 [0.049221963] [0.96875]
0 best l2square: [0.049221963] when l0: [132]
1000 best l2square: [0.049221963] when l0: [132]
2000 best l2square: [0.049221963] when l0: [132]
3000 best l2square: [0.049221963] when l0: [132]
4000 best l2square: [0.049221963] when l0: [132]
5000 best l2square: [0.049221963] when l0: [132]
6000 best l2square: [0.049221963] when l0: [132]
Finally [0.049221963]
retrain C: [5.]
retrain 0 0 [0.049221963]
retrain 0 200 [0.04908972]
retrain C: [2.5]
retrain 1 0 [0.04908972]
retrain 1 200 [0.0489557]
retrain C: [1.25]
retrain 2 0 [0.0489557]
retrain 2 200 [0.048815586]
retrain C: [0.625]
retrain 3 0 [0.048815586]
retrain 3 200 [0.048665904]
retrain C: [0.3125]
retrain 4 0 [0.048665904]
retrain 4 200 [0.04851175]
retrain C: [0.15625]
retrain 5 0 [0.04851175]
retrain 5 200 [0.04835201]
retrain C: [0.078125]
retrain 6 0 [0.04835201]
retrain 6 200 [0.04817744]
retrain C: [0.0390625]
retrain 7 0 [0.04817744]
retrain 7 200 [0.047993626]
ro 15 gamma 2 tau 3 alpha 5

total groups: 256
NO. 3
grid size: 2
outerstep: 0 [10000000000.0] [1.]
0 best l2square: [10000000000.0] when l0: [3072]
1000 best l2square: [0.02313137] when l0: [336]
outerstep: 1 [0.02313137] [0.5]
0 best l2square: [0.02313137] when l0: [336]
1000 best l2square: [0.02313137] when l0: [336]
2000 best l2square: [0.02313137] when l0: [336]
outerstep: 2 [0.02313137] [0.75]
0 best l2square: [0.02313137] when l0: [336]
1000 best l2square: [0.019840509] when l0: [360]
2000 best l2square: [0.019840509] when l0: [360]
3000 best l2square: [0.019840509] when l0: [360]
outerstep: 3 [0.019840509] [0.625]
0 best l2square: [0.019840509] when l0: [360]
1000 best l2square: [0.019840509] when l0: [360]
2000 best l2square: [0.019840509] when l0: [360]
3000 best l2square: [0.019840509] when l0: [360]
4000 best l2square: [0.019840509] when l0: [360]
outerstep: 4 [0.019840509] [0.6875]
0 best l2square: [0.019840509] when l0: [360]
1000 best l2square: [0.019840509] when l0: [360]
2000 best l2square: [0.019840509] when l0: [360]
3000 best l2square: [0.019840509] when l0: [360]
4000 best l2square: [0.019840509] when l0: [360]
5000 best l2square: [0.019840509] when l0: [360]
outerstep: 5 [0.019840509] [0.71875]
0 best l2square: [0.019840509] when l0: [360]
1000 best l2square: [0.019840509] when l0: [360]
2000 best l2square: [0.019840509] when l0: [360]
3000 best l2square: [0.019840509] when l0: [360]
4000 best l2square: [0.019840509] when l0: [360]
5000 best l2square: [0.019840509] when l0: [360]
6000 best l2square: [0.019840509] when l0: [360]
Finally [0.019840509]
retrain C: [5.]
retrain 0 0 [0.019840509]
retrain 0 200 [0.019253973]
retrain C: [2.5]
retrain 1 0 [0.019253973]
retrain 1 200 [0.019202655]
retrain C: [1.25]
retrain 2 0 [0.019202655]
retrain 2 200 [0.019150577]
retrain C: [0.625]
retrain 3 0 [0.019150577]
retrain 3 200 [0.019097239]
retrain C: [0.3125]
retrain 4 0 [0.019097239]
retrain 4 200 [0.019042328]
retrain C: [0.15625]
retrain 5 0 [0.019042328]
retrain 5 200 [0.018985333]
retrain C: [0.078125]
retrain 6 0 [0.018985333]
retrain 6 200 [0.01892734]
retrain C: [0.0390625]
retrain 7 0 [0.01892734]
retrain 7 200 [0.018867204]
ro 15 gamma 2 tau 3 alpha 5

total groups: 256
NO. 4
grid size: 2
outerstep: 0 [10000000000.0] [1.]
0 best l2square: [10000000000.0] when l0: [3072]
1000 best l2square: [0.051622044] when l0: [360]
outerstep: 1 [0.05026035] [0.5]
0 best l2square: [0.05026035] when l0: [372]
1000 best l2square: [0.05026035] when l0: [372]
2000 best l2square: [0.05026035] when l0: [372]
outerstep: 2 [0.046134867] [0.25]
0 best l2square: [0.046134867] when l0: [324]
1000 best l2square: [0.046134867] when l0: [324]
2000 best l2square: [0.046134867] when l0: [324]
3000 best l2square: [0.046134867] when l0: [324]
outerstep: 3 [0.046134867] [0.375]
0 best l2square: [0.046134867] when l0: [324]
1000 best l2square: [0.046134867] when l0: [324]
2000 best l2square: [0.046134867] when l0: [324]
3000 best l2square: [0.043510467] when l0: [360]
4000 best l2square: [0.0382694] when l0: [396]
outerstep: 4 [0.0382694] [0.3125]
0 best l2square: [0.0382694] when l0: [396]
1000 best l2square: [0.0382694] when l0: [396]
2000 best l2square: [0.0382694] when l0: [396]
3000 best l2square: [0.0382694] when l0: [396]
4000 best l2square: [0.0382694] when l0: [396]
5000 best l2square: [0.0382694] when l0: [396]
outerstep: 5 [0.0382694] [0.34375]
0 best l2square: [0.0382694] when l0: [396]
1000 best l2square: [0.0382694] when l0: [396]
2000 best l2square: [0.0382694] when l0: [396]
3000 best l2square: [0.0382694] when l0: [396]
4000 best l2square: [0.0382694] when l0: [396]
5000 best l2square: [0.0382694] when l0: [396]
6000 best l2square: [0.0382694] when l0: [396]
Finally [0.0382694]
retrain C: [5.]
retrain 0 0 [0.0382694]
retrain 0 200 [0.03816749]
retrain C: [2.5]
retrain 1 0 [0.03816749]
retrain 1 200 [0.03806547]
retrain C: [1.25]
retrain 2 0 [0.03806547]
retrain 2 200 [0.037962846]
retrain C: [0.625]
retrain 3 0 [0.037962846]
retrain 3 200 [0.037858814]
retrain C: [0.3125]
retrain 4 0 [0.037858814]
retrain 4 200 [0.037858814]
retrain C: [0.15625]
retrain 5 0 [0.037858814]
retrain 5 200 [0.037858814]
retrain C: [0.078125]
retrain 6 0 [0.037858814]
retrain 6 200 [0.037858814]
retrain C: [0.0390625]
retrain 7 0 [0.037858814]
retrain 7 200 [0.030252878]
ro 15 gamma 2 tau 3 alpha 5

total groups: 256
NO. 5
grid size: 2
outerstep: 0 [10000000000.0] [1.]
0 best l2square: [10000000000.0] when l0: [3072]
1000 best l2square: [0.120874] when l0: [228]
outerstep: 1 [0.10566872] [0.5]
0 best l2square: [0.10566872] when l0: [228]
1000 best l2square: [0.10566872] when l0: [228]
2000 best l2square: [0.10566872] when l0: [228]
outerstep: 2 [0.10566872] [0.75]
0 best l2square: [0.10566872] when l0: [228]
1000 best l2square: [0.08662468] when l0: [288]
2000 best l2square: [0.08662468] when l0: [288]
3000 best l2square: [0.08662468] when l0: [288]
outerstep: 3 [0.08662468] [0.625]
0 best l2square: [0.08662468] when l0: [288]
1000 best l2square: [0.07892162] when l0: [276]
2000 best l2square: [0.07892162] when l0: [276]
3000 best l2square: [0.07892162] when l0: [276]
4000 best l2square: [0.07892162] when l0: [276]
outerstep: 4 [0.07892162] [0.5625]
0 best l2square: [0.07892162] when l0: [276]
1000 best l2square: [0.07892162] when l0: [276]
2000 best l2square: [0.07892162] when l0: [276]
3000 best l2square: [0.07892162] when l0: [276]
4000 best l2square: [0.07892162] when l0: [276]
5000 best l2square: [0.07892162] when l0: [276]
outerstep: 5 [0.07892162] [0.59375]
0 best l2square: [0.07892162] when l0: [276]
1000 best l2square: [0.078371264] when l0: [312]
2000 best l2square: [0.078371264] when l0: [312]
3000 best l2square: [0.078371264] when l0: [312]
4000 best l2square: [0.078371264] when l0: [312]
5000 best l2square: [0.078371264] when l0: [312]
6000 best l2square: [0.078371264] when l0: [312]
Finally [0.078371264]
retrain C: [5.]
retrain 0 0 [0.078371264]
retrain 0 200 [0.078159675]
retrain C: [2.5]
retrain 1 0 [0.078159675]
retrain 1 200 [0.07794985]
retrain C: [1.25]
retrain 2 0 [0.07794985]
retrain 2 200 [0.07773874]
retrain C: [0.625]
retrain 3 0 [0.07773874]
retrain 3 200 [0.07752183]
retrain C: [0.3125]
retrain 4 0 [0.07752183]
retrain 4 200 [0.07729213]
retrain C: [0.15625]
retrain 5 0 [0.07729213]
retrain 5 200 [0.07693428]
retrain C: [0.078125]
retrain 6 0 [0.07693428]
retrain 6 200 [0.07693428]
retrain C: [0.1171875]
retrain 7 0 [0.07693428]
retrain 7 200 [0.07693428]
ro 15 gamma 2 tau 3 alpha 5

total groups: 256
NO. 6
grid size: 2
outerstep: 0 [10000000000.0] [1.]
0 best l2square: [10000000000.0] when l0: [3072]
1000 best l2square: [0.00023802191] when l0: [24]
outerstep: 1 [0.00018624545] [0.5]
0 best l2square: [0.00018624545] when l0: [24]
1000 best l2square: [8.990489e-05] when l0: [24]
2000 best l2square: [8.990489e-05] when l0: [24]
outerstep: 2 [8.990489e-05] [0.25]
0 best l2square: [8.990489e-05] when l0: [24]
1000 best l2square: [8.990489e-05] when l0: [24]
2000 best l2square: [8.990489e-05] when l0: [24]
3000 best l2square: [8.990489e-05] when l0: [24]
outerstep: 3 [8.990489e-05] [0.375]
0 best l2square: [8.990489e-05] when l0: [24]
1000 best l2square: [8.990489e-05] when l0: [24]
2000 best l2square: [8.990489e-05] when l0: [24]
3000 best l2square: [8.990489e-05] when l0: [24]
4000 best l2square: [8.990489e-05] when l0: [24]
outerstep: 4 [8.990489e-05] [0.4375]
0 best l2square: [8.990489e-05] when l0: [24]
1000 best l2square: [8.990489e-05] when l0: [24]
2000 best l2square: [8.990489e-05] when l0: [24]
3000 best l2square: [8.990489e-05] when l0: [24]
4000 best l2square: [8.990489e-05] when l0: [24]
5000 best l2square: [8.990489e-05] when l0: [24]
outerstep: 5 [8.990489e-05] [0.46875]
0 best l2square: [8.990489e-05] when l0: [24]
1000 best l2square: [8.990489e-05] when l0: [24]
2000 best l2square: [8.990489e-05] when l0: [24]
3000 best l2square: [8.990489e-05] when l0: [24]
4000 best l2square: [8.990489e-05] when l0: [24]
5000 best l2square: [8.990489e-05] when l0: [24]
6000 best l2square: [8.990489e-05] when l0: [24]
Finally [8.990489e-05]
retrain C: [5.]
retrain 0 0 [8.990489e-05]
retrain 0 200 [8.9637266e-05]
retrain C: [2.5]
retrain 1 0 [8.9637266e-05]
retrain 1 200 [8.9637266e-05]
retrain C: [1.25]
retrain 2 0 [8.9637266e-05]
retrain 2 200 [8.9637266e-05]
retrain C: [0.625]
retrain 3 0 [8.9637266e-05]
retrain 3 200 [8.9637266e-05]
retrain C: [0.3125]
retrain 4 0 [8.9637266e-05]
retrain 4 200 [8.9637266e-05]
retrain C: [0.15625]
retrain 5 0 [8.9637266e-05]
retrain 5 200 [8.9637266e-05]
retrain C: [0.078125]
retrain 6 0 [8.9637266e-05]
retrain 6 200 [8.9637266e-05]
retrain C: [0.0390625]
retrain 7 0 [8.9637266e-05]
retrain 7 200 [8.9637266e-05]
ro 15 gamma 2 tau 3 alpha 5

total groups: 256
NO. 7
grid size: 2
outerstep: 0 [10000000000.0] [1.]
0 best l2square: [10000000000.0] when l0: [3072]
1000 best l2square: [0.13397402] when l0: [312]
outerstep: 1 [0.1333851] [0.5]
0 best l2square: [0.1333851] when l0: [252]
1000 best l2square: [0.1333851] when l0: [252]
2000 best l2square: [0.1333851] when l0: [252]
outerstep: 2 [0.1333851] [0.75]
0 best l2square: [0.1333851] when l0: [252]
1000 best l2square: [0.1333851] when l0: [252]
2000 best l2square: [0.1333851] when l0: [252]
3000 best l2square: [0.1333851] when l0: [252]
outerstep: 3 [0.1333851] [0.875]
0 best l2square: [0.1333851] when l0: [252]
1000 best l2square: [0.1333851] when l0: [252]
2000 best l2square: [0.1333851] when l0: [252]
3000 best l2square: [0.1333851] when l0: [252]
4000 best l2square: [0.1333851] when l0: [252]
outerstep: 4 [0.1333851] [0.9375]
0 best l2square: [0.1333851] when l0: [252]
1000 best l2square: [0.10538794] when l0: [360]
2000 best l2square: [0.10538794] when l0: [360]
3000 best l2square: [0.10538794] when l0: [360]
4000 best l2square: [0.10538794] when l0: [360]
5000 best l2square: [0.10538794] when l0: [360]
outerstep: 5 [0.10538794] [0.90625]
0 best l2square: [0.10538794] when l0: [360]
1000 best l2square: [0.10538794] when l0: [360]
2000 best l2square: [0.10538794] when l0: [360]
3000 best l2square: [0.10538794] when l0: [360]
4000 best l2square: [0.10538794] when l0: [360]
5000 best l2square: [0.10538794] when l0: [360]
6000 best l2square: [0.10538794] when l0: [360]
Finally [0.10538794]
retrain C: [5.]
retrain 0 0 [0.10538794]
retrain 0 200 [0.10510683]
retrain C: [2.5]
retrain 1 0 [0.10510683]
retrain 1 200 [0.10482252]
retrain C: [1.25]
retrain 2 0 [0.10482252]
retrain 2 200 [0.104532205]
retrain C: [0.625]
retrain 3 0 [0.104532205]
retrain 3 200 [0.10423299]
retrain C: [0.3125]
retrain 4 0 [0.10423299]
retrain 4 200 [0.10392722]
retrain C: [0.15625]
retrain 5 0 [0.10392722]
retrain 5 200 [0.10360685]
retrain C: [0.078125]
retrain 6 0 [0.10360685]
retrain 6 200 [0.10328441]
retrain C: [0.0390625]
retrain 7 0 [0.10328441]
retrain 7 200 [0.10294349]
ro 15 gamma 2 tau 3 alpha 5

total groups: 256
NO. 8
grid size: 2
outerstep: 0 [10000000000.0] [1.]
0 best l2square: [10000000000.0] when l0: [3072]
1000 best l2square: [0.08440557] when l0: [180]
outerstep: 1 [0.08440557] [0.5]
0 best l2square: [0.08440557] when l0: [180]
1000 best l2square: [0.08440557] when l0: [180]
2000 best l2square: [0.08440557] when l0: [180]
outerstep: 2 [0.08440557] [0.75]
0 best l2square: [0.08440557] when l0: [180]
1000 best l2square: [0.06279944] when l0: [240]
2000 best l2square: [0.06279944] when l0: [240]
3000 best l2square: [0.06132619] when l0: [276]
outerstep: 3 [0.06132619] [0.625]
0 best l2square: [0.06132619] when l0: [276]
1000 best l2square: [0.06132619] when l0: [276]
2000 best l2square: [0.06132619] when l0: [276]
3000 best l2square: [0.06132619] when l0: [276]
4000 best l2square: [0.06132619] when l0: [276]
outerstep: 4 [0.06132619] [0.6875]
0 best l2square: [0.06132619] when l0: [276]
1000 best l2square: [0.06132619] when l0: [276]
2000 best l2square: [0.06132619] when l0: [276]
3000 best l2square: [0.06132619] when l0: [276]
4000 best l2square: [0.06132619] when l0: [276]
5000 best l2square: [0.06132619] when l0: [276]
outerstep: 5 [0.06132619] [0.71875]
0 best l2square: [0.06132619] when l0: [276]
1000 best l2square: [0.06132619] when l0: [276]
2000 best l2square: [0.060302876] when l0: [252]
3000 best l2square: [0.060302876] when l0: [252]
4000 best l2square: [0.060302876] when l0: [252]
5000 best l2square: [0.060302876] when l0: [252]
6000 best l2square: [0.060302876] when l0: [252]
Finally [0.060302876]
retrain C: [5.]
retrain 0 0 [0.060302876]
retrain 0 200 [0.06014238]
retrain C: [2.5]
retrain 1 0 [0.06014238]
retrain 1 200 [0.059982188]
retrain C: [1.25]
retrain 2 0 [0.059982188]
retrain 2 200 [0.05982231]
retrain C: [0.625]
retrain 3 0 [0.05982231]
retrain 3 200 [0.059662428]
retrain C: [0.3125]
retrain 4 0 [0.059662428]
retrain 4 200 [0.059502102]
retrain C: [0.15625]
retrain 5 0 [0.059502102]
retrain 5 200 [0.05934087]
retrain C: [0.078125]
retrain 6 0 [0.05934087]
retrain 6 200 [0.059176866]
retrain C: [0.0390625]
retrain 7 0 [0.059176866]
retrain 7 200 [0.059011027]
ro 15 gamma 2 tau 3 alpha 5

total groups: 256
NO. 9
grid size: 2
outerstep: 0 [10000000000.0] [1.]
0 best l2square: [10000000000.0] when l0: [3072]
1000 best l2square: [0.13372079] when l0: [396]
outerstep: 1 [0.1276623] [0.5]
0 best l2square: [0.1276623] when l0: [468]
1000 best l2square: [0.1276623] when l0: [468]
2000 best l2square: [0.1276623] when l0: [468]
outerstep: 2 [0.1276623] [0.75]
0 best l2square: [0.1276623] when l0: [468]
1000 best l2square: [0.11078948] when l0: [516]
2000 best l2square: [0.10846354] when l0: [420]
3000 best l2square: [0.10846354] when l0: [420]
outerstep: 3 [0.10846354] [0.625]
0 best l2square: [0.10846354] when l0: [420]
1000 best l2square: [0.10708428] when l0: [552]
2000 best l2square: [0.10708428] when l0: [552]
3000 best l2square: [0.10708428] when l0: [552]
4000 best l2square: [0.10708428] when l0: [552]
outerstep: 4 [0.10708428] [0.5625]
0 best l2square: [0.10708428] when l0: [552]
1000 best l2square: [0.10708428] when l0: [552]
2000 best l2square: [0.10708428] when l0: [552]
3000 best l2square: [0.10708428] when l0: [552]
4000 best l2square: [0.10708428] when l0: [552]
5000 best l2square: [0.10708428] when l0: [552]
outerstep: 5 [0.10708428] [0.59375]
0 best l2square: [0.10708428] when l0: [552]
1000 best l2square: [0.10708428] when l0: [552]
2000 best l2square: [0.10708428] when l0: [552]
3000 best l2square: [0.10708428] when l0: [552]
4000 best l2square: [0.10708428] when l0: [552]
5000 best l2square: [0.10708428] when l0: [552]
6000 best l2square: [0.10708428] when l0: [552]
Finally [0.10708428]
retrain C: [5.]
retrain 0 0 [0.10708428]
retrain 0 200 [0.10679911]
retrain C: [2.5]
retrain 1 0 [0.10679911]
retrain 1 200 [0.10651409]
retrain C: [1.25]
retrain 2 0 [0.10651409]
retrain 2 200 [0.10622915]
retrain C: [0.625]
retrain 3 0 [0.10622915]
retrain 3 200 [0.10594264]
retrain C: [0.3125]
retrain 4 0 [0.10594264]
retrain 4 200 [0.10565424]
retrain C: [0.15625]
retrain 5 0 [0.10565424]
retrain 5 200 [0.10536285]
retrain C: [0.078125]
retrain 6 0 [0.10536285]
retrain 6 200 [0.10536285]
retrain C: [0.1171875]
retrain 7 0 [0.10536285]
retrain 7 200 [0.10103001]
ro 15 gamma 2 tau 3 alpha 5

total groups: 256
NO. 10
grid size: 2
outerstep: 0 [10000000000.0] [1.]
0 best l2square: [10000000000.0] when l0: [3072]
1000 best l2square: [0.33968964] when l0: [348]
outerstep: 1 [0.3308869] [0.5]
0 best l2square: [0.3308869] when l0: [336]
1000 best l2square: [0.3308869] when l0: [336]
2000 best l2square: [0.3308869] when l0: [336]
outerstep: 2 [0.3308869] [0.75]
0 best l2square: [0.3308869] when l0: [336]
1000 best l2square: [0.3308869] when l0: [336]
2000 best l2square: [0.3308869] when l0: [336]
3000 best l2square: [0.3308869] when l0: [336]
outerstep: 3 [0.3308869] [0.875]
0 best l2square: [0.3308869] when l0: [336]
1000 best l2square: [0.3308869] when l0: [336]
2000 best l2square: [0.3308869] when l0: [336]
3000 best l2square: [0.3308869] when l0: [336]
4000 best l2square: [0.3308869] when l0: [336]
outerstep: 4 [0.3308869] [0.9375]
0 best l2square: [0.3308869] when l0: [336]
1000 best l2square: [0.3308869] when l0: [336]
2000 best l2square: [0.3308869] when l0: [336]
3000 best l2square: [0.3308869] when l0: [336]
4000 best l2square: [0.3308869] when l0: [336]
5000 best l2square: [0.3308869] when l0: [336]
outerstep: 5 [0.3308869] [0.96875]
0 best l2square: [0.3308869] when l0: [336]
1000 best l2square: [0.3308869] when l0: [336]
2000 best l2square: [0.3308869] when l0: [336]
3000 best l2square: [0.3308869] when l0: [336]
4000 best l2square: [0.3308869] when l0: [336]
5000 best l2square: [0.3308869] when l0: [336]
6000 best l2square: [0.3308869] when l0: [336]
Finally [0.3308869]
retrain C: [5.]
retrain 0 0 [0.3308869]
retrain 0 200 [0.3300059]
retrain C: [2.5]
retrain 1 0 [0.3300059]
retrain 1 200 [0.3300059]
retrain C: [1.25]
retrain 2 0 [0.3300059]
retrain 2 200 [0.3300059]
retrain C: [0.625]
retrain 3 0 [0.3300059]
retrain 3 200 [0.3300059]
retrain C: [0.3125]
retrain 4 0 [0.3300059]
retrain 4 200 [0.3300059]
retrain C: [0.15625]
retrain 5 0 [0.3300059]
retrain 5 200 [0.3300059]
retrain C: [0.234375]
retrain 6 0 [0.3300059]
retrain 6 200 [0.3300059]
retrain C: [0.1953125]
retrain 7 0 [0.3300059]
retrain 7 200 [0.3300059]
ro 15 gamma 2 tau 3 alpha 5

total groups: 256
NO. 11
grid size: 2
outerstep: 0 [10000000000.0] [1.]
0 best l2square: [10000000000.0] when l0: [3072]
1000 best l2square: [0.028524052] when l0: [264]
outerstep: 1 [0.028524052] [0.5]
0 best l2square: [0.028524052] when l0: [264]
1000 best l2square: [0.028524052] when l0: [264]
2000 best l2square: [0.028524052] when l0: [264]
outerstep: 2 [0.028524052] [0.75]
0 best l2square: [0.028524052] when l0: [264]
1000 best l2square: [0.028524052] when l0: [264]
2000 best l2square: [0.028524052] when l0: [264]
3000 best l2square: [0.028524052] when l0: [264]
outerstep: 3 [0.028524052] [0.875]
0 best l2square: [0.028524052] when l0: [264]
1000 best l2square: [0.028512591] when l0: [167]
2000 best l2square: [0.028512591] when l0: [167]
3000 best l2square: [0.028512591] when l0: [167]
4000 best l2square: [0.028512591] when l0: [167]
outerstep: 4 [0.028512591] [0.8125]
0 best l2square: [0.028512591] when l0: [167]
1000 best l2square: [0.028512591] when l0: [167]
2000 best l2square: [0.028512591] when l0: [167]
3000 best l2square: [0.028512591] when l0: [167]
4000 best l2square: [0.028512591] when l0: [167]
5000 best l2square: [0.028512591] when l0: [167]
outerstep: 5 [0.028512591] [0.84375]
0 best l2square: [0.028512591] when l0: [167]
1000 best l2square: [0.028512591] when l0: [167]
2000 best l2square: [0.028512591] when l0: [167]
3000 best l2square: [0.028512591] when l0: [167]
4000 best l2square: [0.028512591] when l0: [167]
5000 best l2square: [0.028512591] when l0: [167]
6000 best l2square: [0.028512591] when l0: [167]
Finally [0.028512591]
retrain C: [5.]
retrain 0 0 [0.028512591]
retrain 0 200 [0.02843671]
retrain C: [2.5]
retrain 1 0 [0.02843671]
retrain 1 200 [0.02836102]
retrain C: [1.25]
retrain 2 0 [0.02836102]
retrain 2 200 [0.02828553]
retrain C: [0.625]
retrain 3 0 [0.02828553]
retrain 3 200 [0.027569812]
retrain C: [0.3125]
retrain 4 0 [0.027569812]
retrain 4 200 [0.02749613]
retrain C: [0.15625]
retrain 5 0 [0.02749613]
retrain 5 200 [0.027421867]
retrain C: [0.078125]
retrain 6 0 [0.027421867]
retrain 6 200 [0.027344711]
retrain C: [0.0390625]
retrain 7 0 [0.027344711]
retrain 7 200 [0.027262695]
ro 15 gamma 2 tau 3 alpha 5

total groups: 256
NO. 12
grid size: 2
outerstep: 0 [10000000000.0] [1.]
0 best l2square: [10000000000.0] when l0: [3072]
1000 best l2square: [1.2095863] when l0: [804]
outerstep: 1 [1.2095863] [0.5]
0 best l2square: [1.2095863] when l0: [804]
1000 best l2square: [0.8182994] when l0: [708]
2000 best l2square: [0.80600804] when l0: [792]
outerstep: 2 [0.80600804] [0.25]
0 best l2square: [0.80600804] when l0: [792]
1000 best l2square: [0.80600804] when l0: [792]
2000 best l2square: [0.80600804] when l0: [792]
3000 best l2square: [0.80600804] when l0: [792]
outerstep: 3 [0.80600804] [0.375]
0 best l2square: [0.80600804] when l0: [792]
1000 best l2square: [0.80600804] when l0: [792]
2000 best l2square: [0.80600804] when l0: [792]
3000 best l2square: [0.80600804] when l0: [792]
4000 best l2square: [0.80600804] when l0: [792]
outerstep: 4 [0.80600804] [0.4375]
0 best l2square: [0.80600804] when l0: [792]
1000 best l2square: [0.80600804] when l0: [792]
2000 best l2square: [0.80600804] when l0: [792]
3000 best l2square: [0.80600804] when l0: [792]
4000 best l2square: [0.80600804] when l0: [792]
5000 best l2square: [0.80600804] when l0: [792]
outerstep: 5 [0.80600804] [0.46875]
0 best l2square: [0.80600804] when l0: [792]
1000 best l2square: [0.80600804] when l0: [792]
2000 best l2square: [0.80600804] when l0: [792]
3000 best l2square: [0.80600804] when l0: [792]
4000 best l2square: [0.80600804] when l0: [792]
5000 best l2square: [0.80600804] when l0: [792]
6000 best l2square: [0.80600804] when l0: [792]
Finally [0.80600804]
retrain C: [5.]
retrain 0 0 [0.80600804]
retrain 0 200 [0.80600804]
retrain C: [2.5]
retrain 1 0 [0.80600804]
retrain 1 200 [0.80600804]
retrain C: [1.25]
retrain 2 0 [0.80600804]
retrain 2 200 [0.80600804]
retrain C: [0.625]
retrain 3 0 [0.80600804]
retrain 3 200 [0.80600804]
retrain C: [0.3125]
retrain 4 0 [0.80600804]
retrain 4 200 [0.80600804]
retrain C: [0.15625]
retrain 5 0 [0.80600804]
retrain 5 200 [0.80600804]
retrain C: [0.078125]
retrain 6 0 [0.80600804]
retrain 6 200 [0.80600804]
retrain C: [0.1171875]
retrain 7 0 [0.80600804]
retrain 7 200 [0.80600804]
ro 15 gamma 2 tau 3 alpha 5

total groups: 256
NO. 13
grid size: 2
outerstep: 0 [10000000000.0] [1.]
0 best l2square: [10000000000.0] when l0: [3072]
1000 best l2square: [0.45975196] when l0: [468]
outerstep: 1 [0.45975196] [0.5]
0 best l2square: [0.45975196] when l0: [468]
1000 best l2square: [0.43895665] when l0: [684]
2000 best l2square: [0.43895665] when l0: [684]
outerstep: 2 [0.43895665] [0.25]
0 best l2square: [0.43895665] when l0: [684]
1000 best l2square: [0.43895665] when l0: [684]
2000 best l2square: [0.43895665] when l0: [684]
3000 best l2square: [0.43895665] when l0: [684]
outerstep: 3 [0.43895665] [0.375]
0 best l2square: [0.43895665] when l0: [684]
1000 best l2square: [0.43895665] when l0: [684]
2000 best l2square: [0.43895665] when l0: [684]
3000 best l2square: [0.43895665] when l0: [684]
4000 best l2square: [0.43895665] when l0: [684]
outerstep: 4 [0.43895665] [0.4375]
0 best l2square: [0.43895665] when l0: [684]
1000 best l2square: [0.43895665] when l0: [684]
2000 best l2square: [0.43895665] when l0: [684]
3000 best l2square: [0.43895665] when l0: [684]
4000 best l2square: [0.43895665] when l0: [684]
5000 best l2square: [0.43895665] when l0: [684]
outerstep: 5 [0.43895665] [0.46875]
0 best l2square: [0.43895665] when l0: [684]
1000 best l2square: [0.3785518] when l0: [636]
2000 best l2square: [0.3785518] when l0: [636]
3000 best l2square: [0.3785518] when l0: [636]
4000 best l2square: [0.3785518] when l0: [636]
5000 best l2square: [0.3785518] when l0: [636]
6000 best l2square: [0.3785518] when l0: [636]
Finally [0.3785518]
retrain C: [5.]
retrain 0 0 [0.3785518]
retrain 0 200 [0.3785518]
retrain C: [2.5]
retrain 1 0 [0.3785518]
retrain 1 200 [0.3785518]
retrain C: [1.25]
retrain 2 0 [0.3785518]
retrain 2 200 [0.3785518]
retrain C: [0.625]
retrain 3 0 [0.3785518]
retrain 3 200 [0.3785518]
retrain C: [0.3125]
retrain 4 0 [0.3785518]
retrain 4 200 [0.3785518]
retrain C: [0.15625]
retrain 5 0 [0.3785518]
retrain 5 200 [0.3561542]
retrain C: [0.078125]
retrain 6 0 [0.3561542]
retrain 6 200 [0.35520214]
retrain C: [0.0390625]
retrain 7 0 [0.35520214]
retrain 7 200 [0.35422373]
ro 15 gamma 2 tau 3 alpha 5

total groups: 256
NO. 14
grid size: 2
outerstep: 0 [10000000000.0] [1.]
0 best l2square: [10000000000.0] when l0: [3072]
1000 best l2square: [0.029001217] when l0: [240]
outerstep: 1 [0.029001217] [0.5]
0 best l2square: [0.029001217] when l0: [240]
1000 best l2square: [0.027092926] when l0: [288]
2000 best l2square: [0.0252713] when l0: [240]
outerstep: 2 [0.02478474] [0.25]
0 best l2square: [0.02478474] when l0: [288]
1000 best l2square: [0.02478474] when l0: [288]
2000 best l2square: [0.02478474] when l0: [288]
3000 best l2square: [0.02478474] when l0: [288]
outerstep: 3 [0.02478474] [0.375]
0 best l2square: [0.02478474] when l0: [288]
1000 best l2square: [0.02478474] when l0: [288]
2000 best l2square: [0.02478474] when l0: [288]
3000 best l2square: [0.02478474] when l0: [288]
4000 best l2square: [0.02478474] when l0: [288]
outerstep: 4 [0.02478474] [0.4375]
0 best l2square: [0.02478474] when l0: [288]
1000 best l2square: [0.02478474] when l0: [288]
2000 best l2square: [0.02478474] when l0: [288]
3000 best l2square: [0.02478474] when l0: [288]
4000 best l2square: [0.02478474] when l0: [288]
5000 best l2square: [0.02478474] when l0: [288]
outerstep: 5 [0.02478474] [0.46875]
0 best l2square: [0.02478474] when l0: [288]
1000 best l2square: [0.02478474] when l0: [288]
2000 best l2square: [0.02478474] when l0: [288]
3000 best l2square: [0.02478474] when l0: [288]
4000 best l2square: [0.02478474] when l0: [288]
5000 best l2square: [0.02478474] when l0: [288]
6000 best l2square: [0.02478474] when l0: [288]
Finally [0.02478474]
retrain C: [5.]
retrain 0 0 [0.02478474]
retrain 0 200 [0.02471871]
retrain C: [2.5]
retrain 1 0 [0.02471871]
retrain 1 200 [0.024652194]
retrain C: [1.25]
retrain 2 0 [0.024652194]
retrain 2 200 [0.024584929]
retrain C: [0.625]
retrain 3 0 [0.024584929]
retrain 3 200 [0.02451729]
retrain C: [0.3125]
retrain 4 0 [0.02451729]
retrain 4 200 [0.024449185]
retrain C: [0.15625]
retrain 5 0 [0.024449185]
retrain 5 200 [0.024380192]
retrain C: [0.078125]
retrain 6 0 [0.024380192]
retrain 6 200 [0.024308994]
retrain C: [0.0390625]
retrain 7 0 [0.024308994]
retrain 7 200 [0.024237102]
ro 15 gamma 2 tau 3 alpha 5

total groups: 256
NO. 15
grid size: 2
outerstep: 0 [10000000000.0] [1.]
0 best l2square: [10000000000.0] when l0: [3072]
1000 best l2square: [0.3474909] when l0: [396]
outerstep: 1 [0.3148473] [0.5]
0 best l2square: [0.3148473] when l0: [504]
1000 best l2square: [0.25559866] when l0: [384]
2000 best l2square: [0.25559866] when l0: [384]
outerstep: 2 [0.25559866] [0.25]
0 best l2square: [0.25559866] when l0: [384]
1000 best l2square: [0.25559866] when l0: [384]
2000 best l2square: [0.25559866] when l0: [384]
3000 best l2square: [0.25559866] when l0: [384]
outerstep: 3 [0.25559866] [0.375]
0 best l2square: [0.25559866] when l0: [384]
1000 best l2square: [0.25559866] when l0: [384]
2000 best l2square: [0.25559866] when l0: [384]
3000 best l2square: [0.25559866] when l0: [384]
4000 best l2square: [0.25559866] when l0: [384]
outerstep: 4 [0.25559866] [0.4375]
0 best l2square: [0.25559866] when l0: [384]
1000 best l2square: [0.25559866] when l0: [384]
2000 best l2square: [0.25559866] when l0: [384]
3000 best l2square: [0.25559866] when l0: [384]
4000 best l2square: [0.25559866] when l0: [384]
5000 best l2square: [0.25559866] when l0: [384]
outerstep: 5 [0.25559866] [0.46875]
0 best l2square: [0.25559866] when l0: [384]
1000 best l2square: [0.25559866] when l0: [384]
2000 best l2square: [0.25559866] when l0: [384]
3000 best l2square: [0.25559866] when l0: [384]
4000 best l2square: [0.25559866] when l0: [384]
5000 best l2square: [0.25559866] when l0: [384]
6000 best l2square: [0.25559866] when l0: [384]
Finally [0.25559866]
retrain C: [5.]
retrain 0 0 [0.25559866]
retrain 0 200 [0.25559866]
retrain C: [2.5]
retrain 1 0 [0.25559866]
retrain 1 200 [0.25559866]
retrain C: [1.25]
retrain 2 0 [0.25559866]
retrain 2 200 [0.25559866]
retrain C: [0.625]
retrain 3 0 [0.25559866]
retrain 3 200 [0.25559866]
retrain C: [0.3125]
retrain 4 0 [0.25559866]
retrain 4 200 [0.25559866]
retrain C: [0.15625]
retrain 5 0 [0.25559866]
retrain 5 200 [0.25559866]
retrain C: [0.078125]
retrain 6 0 [0.25559866]
retrain 6 200 [0.25559866]
retrain C: [0.1171875]
retrain 7 0 [0.25559866]
retrain 7 200 [0.25559866]
ro 15 gamma 2 tau 3 alpha 5

total groups: 256
NO. 16
grid size: 2
outerstep: 0 [10000000000.0] [1.]
0 best l2square: [10000000000.0] when l0: [3072]
1000 best l2square: [0.030533759] when l0: [492]
outerstep: 1 [0.030533759] [0.5]
0 best l2square: [0.030533759] when l0: [492]
1000 best l2square: [0.030533759] when l0: [492]
2000 best l2square: [0.030533759] when l0: [492]
outerstep: 2 [0.030533759] [0.75]
0 best l2square: [0.030533759] when l0: [492]
1000 best l2square: [0.030533759] when l0: [492]
2000 best l2square: [0.030533759] when l0: [492]
3000 best l2square: [0.030533759] when l0: [492]
outerstep: 3 [0.030533759] [0.875]
0 best l2square: [0.030533759] when l0: [492]
1000 best l2square: [0.029041432] when l0: [384]
2000 best l2square: [0.029041432] when l0: [384]
3000 best l2square: [0.029041432] when l0: [384]
4000 best l2square: [0.029041432] when l0: [384]
outerstep: 4 [0.029041432] [0.8125]
0 best l2square: [0.029041432] when l0: [384]
1000 best l2square: [0.029041432] when l0: [384]
2000 best l2square: [0.029041432] when l0: [384]
3000 best l2square: [0.029041432] when l0: [384]
4000 best l2square: [0.029041432] when l0: [384]
5000 best l2square: [0.029041432] when l0: [384]
outerstep: 5 [0.029041432] [0.84375]
0 best l2square: [0.029041432] when l0: [384]
1000 best l2square: [0.023505349] when l0: [432]
2000 best l2square: [0.023505349] when l0: [432]
3000 best l2square: [0.023505349] when l0: [432]
4000 best l2square: [0.023505349] when l0: [432]
5000 best l2square: [0.023505349] when l0: [432]
6000 best l2square: [0.023505349] when l0: [432]
Finally [0.023505349]
retrain C: [5.]
retrain 0 0 [0.023505349]
retrain 0 200 [0.023442782]
retrain C: [2.5]
retrain 1 0 [0.023442782]
retrain 1 200 [0.02338034]
retrain C: [1.25]
retrain 2 0 [0.02338034]
retrain 2 200 [0.023317967]
retrain C: [0.625]
retrain 3 0 [0.023317967]
retrain 3 200 [0.023255553]
retrain C: [0.3125]
retrain 4 0 [0.023255553]
retrain 4 200 [0.023193032]
retrain C: [0.15625]
retrain 5 0 [0.023193032]
retrain 5 200 [0.023130242]
retrain C: [0.078125]
retrain 6 0 [0.023130242]
retrain 6 200 [0.023130242]
retrain C: [0.0390625]
retrain 7 0 [0.023130242]
retrain 7 200 [0.020233395]
ro 15 gamma 2 tau 3 alpha 5

total groups: 256
NO. 17
grid size: 2
outerstep: 0 [10000000000.0] [1.]
0 best l2square: [10000000000.0] when l0: [3072]
1000 best l2square: [0.10789563] when l0: [240]
outerstep: 1 [0.10751322] [0.5]
0 best l2square: [0.10751322] when l0: [264]
1000 best l2square: [0.10751322] when l0: [264]
2000 best l2square: [0.10751322] when l0: [264]
outerstep: 2 [0.10751322] [0.75]
0 best l2square: [0.10751322] when l0: [264]
1000 best l2square: [0.10310953] when l0: [312]
2000 best l2square: [0.10310953] when l0: [312]
3000 best l2square: [0.10310953] when l0: [312]
outerstep: 3 [0.10310953] [0.625]
0 best l2square: [0.10310953] when l0: [312]
1000 best l2square: [0.10310953] when l0: [312]
2000 best l2square: [0.10310953] when l0: [312]
3000 best l2square: [0.10310953] when l0: [312]
4000 best l2square: [0.10310953] when l0: [312]
outerstep: 4 [0.10310953] [0.6875]
0 best l2square: [0.10310953] when l0: [312]
1000 best l2square: [0.10310953] when l0: [312]
2000 best l2square: [0.10310953] when l0: [312]
3000 best l2square: [0.10310953] when l0: [312]
4000 best l2square: [0.10310953] when l0: [312]
5000 best l2square: [0.10310953] when l0: [312]
outerstep: 5 [0.10310953] [0.71875]
0 best l2square: [0.10310953] when l0: [312]
1000 best l2square: [0.10310953] when l0: [312]
2000 best l2square: [0.10310953] when l0: [312]
3000 best l2square: [0.10310953] when l0: [312]
4000 best l2square: [0.10310953] when l0: [312]
5000 best l2square: [0.10310953] when l0: [312]
6000 best l2square: [0.10310953] when l0: [312]
Finally [0.10310953]
retrain C: [5.]
retrain 0 0 [0.10310953]
retrain 0 200 [0.10283485]
retrain C: [2.5]
retrain 1 0 [0.10283485]
retrain 1 200 [0.10283485]
retrain C: [1.25]
retrain 2 0 [0.10283485]
retrain 2 200 [0.10283485]
retrain C: [0.625]
retrain 3 0 [0.10283485]
retrain 3 200 [0.10283485]
retrain C: [0.3125]
retrain 4 0 [0.10283485]
retrain 4 200 [0.09079865]
retrain C: [0.15625]
retrain 5 0 [0.089458406]
retrain 5 200 [0.08921883]
retrain C: [0.078125]
retrain 6 0 [0.08921883]
retrain 6 200 [0.08897343]
retrain C: [0.0390625]
retrain 7 0 [0.08897343]
retrain 7 200 [0.08897343]
ro 15 gamma 2 tau 3 alpha 5

total groups: 256
NO. 18
grid size: 2
outerstep: 0 [10000000000.0] [1.]
0 best l2square: [10000000000.0] when l0: [3072]
1000 best l2square: [0.4649279] when l0: [708]
outerstep: 1 [0.4649279] [0.5]
0 best l2square: [0.4649279] when l0: [708]
1000 best l2square: [0.4649279] when l0: [708]
2000 best l2square: [0.4649279] when l0: [708]
outerstep: 2 [0.4649279] [0.75]
0 best l2square: [0.4649279] when l0: [708]
1000 best l2square: [0.4649279] when l0: [708]
2000 best l2square: [0.46024] when l0: [984]
3000 best l2square: [0.45770347] when l0: [816]
outerstep: 3 [0.43407604] [0.625]
0 best l2square: [0.43407604] when l0: [876]
1000 best l2square: [0.43407604] when l0: [876]
2000 best l2square: [0.43407604] when l0: [876]
3000 best l2square: [0.43407604] when l0: [876]
4000 best l2square: [0.43407604] when l0: [876]
outerstep: 4 [0.43407604] [0.6875]
0 best l2square: [0.43407604] when l0: [876]
1000 best l2square: [0.43407604] when l0: [876]
2000 best l2square: [0.43407604] when l0: [876]
3000 best l2square: [0.43407604] when l0: [876]
4000 best l2square: [0.43407604] when l0: [876]
5000 best l2square: [0.43407604] when l0: [876]
outerstep: 5 [0.43407604] [0.71875]
0 best l2square: [0.43407604] when l0: [876]
1000 best l2square: [0.43407604] when l0: [876]
2000 best l2square: [0.43407604] when l0: [876]
3000 best l2square: [0.43407604] when l0: [876]
4000 best l2square: [0.43407604] when l0: [876]
5000 best l2square: [0.43407604] when l0: [876]
6000 best l2square: [0.43407604] when l0: [876]
Finally [0.43407604]
retrain C: [5.]
retrain 0 0 [0.43407604]
retrain 0 200 [0.43407604]
retrain C: [2.5]
retrain 1 0 [0.43407604]
retrain 1 200 [0.43407604]
retrain C: [1.25]
retrain 2 0 [0.43407604]
retrain 2 200 [0.43407604]
retrain C: [0.625]
retrain 3 0 [0.43407604]
retrain 3 200 [0.43407604]
retrain C: [0.3125]
retrain 4 0 [0.43407604]
retrain 4 200 [0.43407604]
retrain C: [0.15625]
retrain 5 0 [0.43407604]
retrain 5 200 [0.43407604]
retrain C: [0.234375]
retrain 6 0 [0.43407604]
retrain 6 200 [0.43407604]
retrain C: [0.1953125]
retrain 7 0 [0.43407604]
retrain 7 200 [0.43407604]
ro 15 gamma 2 tau 3 alpha 5

total groups: 256
NO. 19
grid size: 2
outerstep: 0 [10000000000.0] [1.]
0 best l2square: [10000000000.0] when l0: [3072]
1000 best l2square: [0.040550977] when l0: [216]
outerstep: 1 [0.040550977] [0.5]
0 best l2square: [0.040550977] when l0: [216]
1000 best l2square: [0.040550977] when l0: [216]
2000 best l2square: [0.040550977] when l0: [216]
outerstep: 2 [0.040550977] [0.75]
0 best l2square: [0.040550977] when l0: [216]
1000 best l2square: [0.040550977] when l0: [216]
2000 best l2square: [0.040550977] when l0: [216]
3000 best l2square: [0.040550977] when l0: [216]
outerstep: 3 [0.040550977] [0.875]
0 best l2square: [0.040550977] when l0: [216]
1000 best l2square: [0.040550977] when l0: [216]
2000 best l2square: [0.040550977] when l0: [216]
3000 best l2square: [0.040550977] when l0: [216]
4000 best l2square: [0.040550977] when l0: [216]
outerstep: 4 [0.040550977] [0.9375]
0 best l2square: [0.040550977] when l0: [216]
1000 best l2square: [0.040550977] when l0: [216]
2000 best l2square: [0.040550977] when l0: [216]
3000 best l2square: [0.040550977] when l0: [216]
4000 best l2square: [0.040550977] when l0: [216]
5000 best l2square: [0.040550977] when l0: [216]
outerstep: 5 [0.040550977] [0.96875]
0 best l2square: [0.040550977] when l0: [216]
1000 best l2square: [0.03853644] when l0: [144]
2000 best l2square: [0.03853644] when l0: [144]
3000 best l2square: [0.03853644] when l0: [144]
4000 best l2square: [0.03853644] when l0: [144]
5000 best l2square: [0.03853644] when l0: [144]
6000 best l2square: [0.03853644] when l0: [144]
Finally [0.03853644]
retrain C: [5.]
retrain 0 0 [0.03853644]
retrain 0 200 [0.038432978]
retrain C: [2.5]
retrain 1 0 [0.038432978]
retrain 1 200 [0.03832691]
retrain C: [1.25]
retrain 2 0 [0.03832691]
retrain 2 200 [0.038218148]
retrain C: [0.625]
retrain 3 0 [0.038218148]
retrain 3 200 [0.025444001]
retrain C: [0.3125]
retrain 4 0 [0.023278493]
retrain 4 200 [0.023213167]
retrain C: [0.15625]
retrain 5 0 [0.023213167]
retrain 5 200 [0.023145735]
retrain C: [0.078125]
retrain 6 0 [0.023145735]
retrain 6 200 [0.019544516]
retrain C: [0.0390625]
retrain 7 0 [0.019544516]
retrain 7 200 [0.019486992]
ro 15 gamma 2 tau 3 alpha 5

total groups: 256
NO. 20
grid size: 2
outerstep: 0 [10000000000.0] [1.]
0 best l2square: [10000000000.0] when l0: [3072]
1000 best l2square: [0.14780864] when l0: [348]
outerstep: 1 [0.1454379] [0.5]
0 best l2square: [0.1454379] when l0: [348]
1000 best l2square: [0.1454379] when l0: [348]
2000 best l2square: [0.1454379] when l0: [348]
outerstep: 2 [0.1454379] [0.75]
0 best l2square: [0.1454379] when l0: [348]
1000 best l2square: [0.12812239] when l0: [324]
2000 best l2square: [0.116776794] when l0: [444]
3000 best l2square: [0.116776794] when l0: [444]
outerstep: 3 [0.116776794] [0.625]
0 best l2square: [0.116776794] when l0: [444]
1000 best l2square: [0.116776794] when l0: [444]
2000 best l2square: [0.116776794] when l0: [444]
3000 best l2square: [0.116776794] when l0: [444]
4000 best l2square: [0.116776794] when l0: [444]
outerstep: 4 [0.116776794] [0.6875]
0 best l2square: [0.116776794] when l0: [444]
1000 best l2square: [0.116776794] when l0: [444]
2000 best l2square: [0.116776794] when l0: [444]
3000 best l2square: [0.11316487] when l0: [396]
4000 best l2square: [0.11316487] when l0: [396]
5000 best l2square: [0.11316487] when l0: [396]
outerstep: 5 [0.11316487] [0.65625]
0 best l2square: [0.11316487] when l0: [396]
1000 best l2square: [0.11316487] when l0: [396]
2000 best l2square: [0.11316487] when l0: [396]
3000 best l2square: [0.11316487] when l0: [396]
4000 best l2square: [0.11316487] when l0: [396]
5000 best l2square: [0.11316487] when l0: [396]
6000 best l2square: [0.11316487] when l0: [396]
Finally [0.11316487]
retrain C: [5.]
retrain 0 0 [0.11316487]
retrain 0 200 [0.11133221]
retrain C: [2.5]
retrain 1 0 [0.11133221]
retrain 1 200 [0.111034945]
retrain C: [1.25]
retrain 2 0 [0.111034945]
retrain 2 200 [0.11073676]
retrain C: [0.625]
retrain 3 0 [0.11073676]
retrain 3 200 [0.1104234]
retrain C: [0.3125]
retrain 4 0 [0.1104234]
retrain 4 200 [0.11008461]
retrain C: [0.15625]
retrain 5 0 [0.11008461]
retrain 5 200 [0.109730676]
retrain C: [0.078125]
retrain 6 0 [0.109730676]
retrain 6 200 [0.109730676]
retrain C: [0.1171875]
retrain 7 0 [0.109730676]
retrain 7 200 [0.109730676]
ro 15 gamma 2 tau 3 alpha 5

total groups: 256
NO. 21
grid size: 2
outerstep: 0 [10000000000.0] [1.]
0 best l2square: [10000000000.0] when l0: [3072]
1000 best l2square: [0.0046392307] when l0: [132]
outerstep: 1 [0.004386423] [0.5]
0 best l2square: [0.004386423] when l0: [168]
1000 best l2square: [0.004386423] when l0: [168]
2000 best l2square: [0.004386423] when l0: [168]
outerstep: 2 [0.004386423] [0.75]
0 best l2square: [0.004386423] when l0: [168]
1000 best l2square: [0.004386423] when l0: [168]
2000 best l2square: [0.004386423] when l0: [168]
3000 best l2square: [0.004386423] when l0: [168]
outerstep: 3 [0.004386423] [0.875]
0 best l2square: [0.004386423] when l0: [168]
1000 best l2square: [0.0043499316] when l0: [156]
2000 best l2square: [0.0043499316] when l0: [156]
3000 best l2square: [0.0043499316] when l0: [156]
4000 best l2square: [0.0043499316] when l0: [156]
outerstep: 4 [0.0043499316] [0.8125]
0 best l2square: [0.0043499316] when l0: [156]
1000 best l2square: [0.0043499316] when l0: [156]
2000 best l2square: [0.0043499316] when l0: [156]
3000 best l2square: [0.0043499316] when l0: [156]
4000 best l2square: [0.0043499316] when l0: [156]
5000 best l2square: [0.0043499316] when l0: [156]
outerstep: 5 [0.0043499316] [0.84375]
0 best l2square: [0.0043499316] when l0: [156]
1000 best l2square: [0.0043499316] when l0: [156]
2000 best l2square: [0.0043499316] when l0: [156]
3000 best l2square: [0.0043499316] when l0: [156]
4000 best l2square: [0.0043499316] when l0: [156]
5000 best l2square: [0.0043499316] when l0: [156]
6000 best l2square: [0.0043499316] when l0: [156]
Finally [0.0043499316]
retrain C: [5.]
retrain 0 0 [0.0043499316]
retrain 0 200 [0.0043383185]
retrain C: [2.5]
retrain 1 0 [0.0043383185]
retrain 1 200 [0.004326679]
retrain C: [1.25]
retrain 2 0 [0.004326679]
retrain 2 200 [0.0043148613]
retrain C: [0.625]
retrain 3 0 [0.0043148613]
retrain 3 200 [0.0043026335]
retrain C: [0.3125]
retrain 4 0 [0.0043026335]
retrain 4 200 [0.004289847]
retrain C: [0.15625]
retrain 5 0 [0.004289847]
retrain 5 200 [0.0042770677]
retrain C: [0.078125]
retrain 6 0 [0.0042770677]
retrain 6 200 [0.004263766]
retrain C: [0.0390625]
retrain 7 0 [0.004263766]
retrain 7 200 [0.004250234]
ro 15 gamma 2 tau 3 alpha 5

total groups: 256
NO. 22
grid size: 2
outerstep: 0 [10000000000.0] [1.]
0 best l2square: [10000000000.0] when l0: [3072]
1000 best l2square: [0.0] when l0: [0]
outerstep: 1 [0.0] [0.5]
0 best l2square: [0.0] when l0: [0]
1000 best l2square: [0.0] when l0: [0]
2000 best l2square: [0.0] when l0: [0]
outerstep: 2 [0.0] [0.25]
0 best l2square: [0.0] when l0: [0]
1000 best l2square: [0.0] when l0: [0]
2000 best l2square: [0.0] when l0: [0]
3000 best l2square: [0.0] when l0: [0]
outerstep: 3 [0.0] [0.125]
0 best l2square: [0.0] when l0: [0]
1000 best l2square: [0.0] when l0: [0]
2000 best l2square: [0.0] when l0: [0]
3000 best l2square: [0.0] when l0: [0]
4000 best l2square: [0.0] when l0: [0]
outerstep: 4 [0.0] [0.0625]
0 best l2square: [0.0] when l0: [0]
1000 best l2square: [0.0] when l0: [0]
2000 best l2square: [0.0] when l0: [0]
3000 best l2square: [0.0] when l0: [0]
4000 best l2square: [0.0] when l0: [0]
5000 best l2square: [0.0] when l0: [0]
outerstep: 5 [0.0] [0.03125]
0 best l2square: [0.0] when l0: [0]
1000 best l2square: [0.0] when l0: [0]
2000 best l2square: [0.0] when l0: [0]
3000 best l2square: [0.0] when l0: [0]
4000 best l2square: [0.0] when l0: [0]
5000/home/yym/.conda/envs/tf1xpy36/lib/python3.6/site-packages/tensorflow/python/framework/dtypes.py:523: FutureWarning: Passing (type, 1) or '1type' as a synonym of type is deprecated; in a future version of numpy, it will be understood as (type, (1,)) / '(1,)type'.
  _np_qint8 = np.dtype([("qint8", np.int8, 1)])
/home/yym/.conda/envs/tf1xpy36/lib/python3.6/site-packages/tensorflow/python/framework/dtypes.py:524: FutureWarning: Passing (type, 1) or '1type' as a synonym of type is deprecated; in a future version of numpy, it will be understood as (type, (1,)) / '(1,)type'.
  _np_quint8 = np.dtype([("quint8", np.uint8, 1)])
/home/yym/.conda/envs/tf1xpy36/lib/python3.6/site-packages/tensorflow/python/framework/dtypes.py:525: FutureWarning: Passing (type, 1) or '1type' as a synonym of type is deprecated; in a future version of numpy, it will be understood as (type, (1,)) / '(1,)type'.
  _np_qint16 = np.dtype([("qint16", np.int16, 1)])
/home/yym/.conda/envs/tf1xpy36/lib/python3.6/site-packages/tensorflow/python/framework/dtypes.py:526: FutureWarning: Passing (type, 1) or '1type' as a synonym of type is deprecated; in a future version of numpy, it will be understood as (type, (1,)) / '(1,)type'.
  _np_quint16 = np.dtype([("quint16", np.uint16, 1)])
/home/yym/.conda/envs/tf1xpy36/lib/python3.6/site-packages/tensorflow/python/framework/dtypes.py:527: FutureWarning: Passing (type, 1) or '1type' as a synonym of type is deprecated; in a future version of numpy, it will be understood as (type, (1,)) / '(1,)type'.
  _np_qint32 = np.dtype([("qint32", np.int32, 1)])
/home/yym/.conda/envs/tf1xpy36/lib/python3.6/site-packages/tensorflow/python/framework/dtypes.py:532: FutureWarning: Passing (type, 1) or '1type' as a synonym of type is deprecated; in a future version of numpy, it will be understood as (type, (1,)) / '(1,)type'.
  np_resource = np.dtype([("resource", np.ubyte, 1)])
Using TensorFlow backend.
 best l2square: [0.0] when l0: [0]
6000 best l2square: [0.0] when l0: [0]
Finally [0.0]
retrain C: [5.]
Traceback (most recent call last):
  File "test_attack_iclr.py", line 564, in <module>
  File "test_attack_iclr.py", line 508, in main
    print(args)
  File "/media/mllab/yym/code/2/comparison/StrAttack-master/l2_LADMMST_attack_v3.py", line 159, in attack
    Run the attack on a batch of images and labels.
  File "/media/mllab/yym/code/2/comparison/StrAttack-master/l2_LADMMST_attack_v3.py", line 348, in attack_batch
  File "<__array_function__ internals>", line 6, in percentile
  File "/home/yym/.conda/envs/tf1xpy36/lib/python3.6/site-packages/numpy/lib/function_base.py", line 3733, in percentile
    a, q, axis, out, overwrite_input, interpolation, keepdims)
  File "/home/yym/.conda/envs/tf1xpy36/lib/python3.6/site-packages/numpy/lib/function_base.py", line 3853, in _quantile_unchecked
    interpolation=interpolation)
  File "/home/yym/.conda/envs/tf1xpy36/lib/python3.6/site-packages/numpy/lib/function_base.py", line 3429, in _ureduce
    r = func(a, **kwargs)
  File "/home/yym/.conda/envs/tf1xpy36/lib/python3.6/site-packages/numpy/lib/function_base.py", line 3967, in _quantile_ureduce_func
    x1 = take(ap, indices_below, axis=axis) * weights_below
  File "<__array_function__ internals>", line 6, in take
  File "/home/yym/.conda/envs/tf1xpy36/lib/python3.6/site-packages/numpy/core/fromnumeric.py", line 191, in take
    return _wrapfunc(a, 'take', indices, axis=axis, out=out, mode=mode)
  File "/home/yym/.conda/envs/tf1xpy36/lib/python3.6/site-packages/numpy/core/fromnumeric.py", line 58, in _wrapfunc
    return bound(*args, **kwds)
IndexError: cannot do a non-empty take from an empty axes.
